{"/home/vuminhkhoi1802/Documents/EPAM/epam-nodejs-gmp-module-6-and-7/app/config/db.config.js": {"path":"/home/vuminhkhoi1802/Documents/EPAM/epam-nodejs-gmp-module-6-and-7/app/config/db.config.js","statementMap":{"0":{"start":{"line":1,"column":0},"end":{"line":1,"column":27}},"1":{"start":{"line":3,"column":0},"end":{"line":16,"column":2}}},"fnMap":{},"branchMap":{},"s":{"0":1,"1":1},"f":{},"b":{},"_coverageSchema":"1a1c01bbd47fc00a2c39e90264f33305004495a9","hash":"42698cc367dcb2738769b8408a2ff6b947f8243a"}
,"/home/vuminhkhoi1802/Documents/EPAM/epam-nodejs-gmp-module-6-and-7/app/models/index.js": {"path":"/home/vuminhkhoi1802/Documents/EPAM/epam-nodejs-gmp-module-6-and-7/app/models/index.js","statementMap":{"0":{"start":{"line":1,"column":15},"end":{"line":1,"column":48}},"1":{"start":{"line":3,"column":18},"end":{"line":3,"column":38}},"2":{"start":{"line":4,"column":18},"end":{"line":20,"column":1}},"3":{"start":{"line":22,"column":11},"end":{"line":22,"column":13}},"4":{"start":{"line":24,"column":0},"end":{"line":24,"column":25}},"5":{"start":{"line":25,"column":0},"end":{"line":25,"column":25}},"6":{"start":{"line":27,"column":0},"end":{"line":27,"column":67}},"7":{"start":{"line":28,"column":0},"end":{"line":28,"column":67}},"8":{"start":{"line":30,"column":0},"end":{"line":34,"column":3}},"9":{"start":{"line":35,"column":0},"end":{"line":39,"column":3}},"10":{"start":{"line":41,"column":0},"end":{"line":41,"column":42}},"11":{"start":{"line":43,"column":0},"end":{"line":43,"column":20}}},"fnMap":{},"branchMap":{},"s":{"0":1,"1":1,"2":1,"3":1,"4":1,"5":1,"6":1,"7":1,"8":1,"9":1,"10":1,"11":1},"f":{},"b":{},"_coverageSchema":"1a1c01bbd47fc00a2c39e90264f33305004495a9","hash":"a1f35ef7ea5ebbbc75c7ea24f6e7748fdbb8f8bf"}
,"/home/vuminhkhoi1802/Documents/EPAM/epam-nodejs-gmp-module-6-and-7/app/models/role.model.js": {"path":"/home/vuminhkhoi1802/Documents/EPAM/epam-nodejs-gmp-module-6-and-7/app/models/role.model.js","statementMap":{"0":{"start":{"line":1,"column":0},"end":{"line":15,"column":2}},"1":{"start":{"line":2,"column":14},"end":{"line":12,"column":3}},"2":{"start":{"line":14,"column":1},"end":{"line":14,"column":13}}},"fnMap":{"0":{"name":"(anonymous_0)","decl":{"start":{"line":1,"column":17},"end":{"line":1,"column":18}},"loc":{"start":{"line":1,"column":43},"end":{"line":15,"column":1}},"line":1}},"branchMap":{},"s":{"0":1,"1":1,"2":1},"f":{"0":1},"b":{},"_coverageSchema":"1a1c01bbd47fc00a2c39e90264f33305004495a9","hash":"2c3ea59137535ed4e98730d382018f8835dd4e9b"}
,"/home/vuminhkhoi1802/Documents/EPAM/epam-nodejs-gmp-module-6-and-7/app/models/user.model.js": {"path":"/home/vuminhkhoi1802/Documents/EPAM/epam-nodejs-gmp-module-6-and-7/app/models/user.model.js","statementMap":{"0":{"start":{"line":1,"column":0},"end":{"line":19,"column":2}},"1":{"start":{"line":2,"column":14},"end":{"line":16,"column":3}},"2":{"start":{"line":18,"column":1},"end":{"line":18,"column":13}}},"fnMap":{"0":{"name":"(anonymous_0)","decl":{"start":{"line":1,"column":17},"end":{"line":1,"column":18}},"loc":{"start":{"line":1,"column":43},"end":{"line":19,"column":1}},"line":1}},"branchMap":{},"s":{"0":1,"1":1,"2":1},"f":{"0":1},"b":{},"_coverageSchema":"1a1c01bbd47fc00a2c39e90264f33305004495a9","hash":"c9006b4cede15d807f48ea3f6bf487c109ffa55e"}
,"/home/vuminhkhoi1802/Documents/EPAM/epam-nodejs-gmp-module-6-and-7/app/repository/user.repository.js": {"path":"/home/vuminhkhoi1802/Documents/EPAM/epam-nodejs-gmp-module-6-and-7/app/repository/user.repository.js","statementMap":{"0":{"start":{"line":1,"column":13},"end":{"line":1,"column":28}},"1":{"start":{"line":2,"column":15},"end":{"line":2,"column":34}},"2":{"start":{"line":4,"column":11},"end":{"line":4,"column":31}},"3":{"start":{"line":5,"column":13},"end":{"line":5,"column":20}},"4":{"start":{"line":6,"column":13},"end":{"line":6,"column":20}},"5":{"start":{"line":7,"column":11},"end":{"line":7,"column":26}},"6":{"start":{"line":11,"column":15},"end":{"line":15,"column":1}},"7":{"start":{"line":12,"column":1},"end":{"line":14,"column":4}},"8":{"start":{"line":13,"column":2},"end":{"line":13,"column":12}},"9":{"start":{"line":17,"column":20},"end":{"line":23,"column":1}},"10":{"start":{"line":18,"column":1},"end":{"line":22,"column":4}},"11":{"start":{"line":25,"column":23},"end":{"line":31,"column":1}},"12":{"start":{"line":26,"column":1},"end":{"line":30,"column":4}},"13":{"start":{"line":33,"column":19},"end":{"line":55,"column":1}},"14":{"start":{"line":34,"column":20},"end":{"line":34,"column":33}},"15":{"start":{"line":35,"column":1},"end":{"line":54,"column":4}},"16":{"start":{"line":41,"column":2},"end":{"line":53,"column":3}},"17":{"start":{"line":42,"column":3},"end":{"line":50,"column":6}},"18":{"start":{"line":49,"column":4},"end":{"line":49,"column":31}},"19":{"start":{"line":52,"column":3},"end":{"line":52,"column":28}},"20":{"start":{"line":57,"column":23},"end":{"line":62,"column":1}},"21":{"start":{"line":58,"column":20},"end":{"line":60,"column":2}},"22":{"start":{"line":61,"column":1},"end":{"line":61,"column":82}},"23":{"start":{"line":64,"column":23},"end":{"line":66,"column":1}},"24":{"start":{"line":65,"column":1},"end":{"line":65,"column":43}},"25":{"start":{"line":69,"column":0},"end":{"line":76,"column":2}}},"fnMap":{"0":{"name":"(anonymous_0)","decl":{"start":{"line":11,"column":15},"end":{"line":11,"column":16}},"loc":{"start":{"line":11,"column":21},"end":{"line":15,"column":1}},"line":11},"1":{"name":"(anonymous_1)","decl":{"start":{"line":12,"column":29},"end":{"line":12,"column":30}},"loc":{"start":{"line":12,"column":36},"end":{"line":14,"column":2}},"line":12},"2":{"name":"(anonymous_2)","decl":{"start":{"line":17,"column":20},"end":{"line":17,"column":21}},"loc":{"start":{"line":17,"column":38},"end":{"line":23,"column":1}},"line":17},"3":{"name":"(anonymous_3)","decl":{"start":{"line":25,"column":23},"end":{"line":25,"column":24}},"loc":{"start":{"line":25,"column":43},"end":{"line":31,"column":1}},"line":25},"4":{"name":"(anonymous_4)","decl":{"start":{"line":33,"column":19},"end":{"line":33,"column":20}},"loc":{"start":{"line":33,"column":38},"end":{"line":55,"column":1}},"line":33},"5":{"name":"(anonymous_5)","decl":{"start":{"line":40,"column":9},"end":{"line":40,"column":10}},"loc":{"start":{"line":40,"column":23},"end":{"line":54,"column":2}},"line":40},"6":{"name":"(anonymous_6)","decl":{"start":{"line":48,"column":11},"end":{"line":48,"column":12}},"loc":{"start":{"line":48,"column":26},"end":{"line":50,"column":4}},"line":48},"7":{"name":"(anonymous_7)","decl":{"start":{"line":57,"column":23},"end":{"line":57,"column":24}},"loc":{"start":{"line":57,"column":50},"end":{"line":62,"column":1}},"line":57},"8":{"name":"(anonymous_8)","decl":{"start":{"line":64,"column":23},"end":{"line":64,"column":24}},"loc":{"start":{"line":64,"column":41},"end":{"line":66,"column":1}},"line":64}},"branchMap":{"0":{"loc":{"start":{"line":41,"column":2},"end":{"line":53,"column":3}},"type":"if","locations":[{"start":{"line":41,"column":2},"end":{"line":53,"column":3}},{"start":{"line":51,"column":9},"end":{"line":53,"column":3}}],"line":41}},"s":{"0":1,"1":1,"2":1,"3":1,"4":1,"5":1,"6":1,"7":0,"8":0,"9":1,"10":0,"11":1,"12":0,"13":1,"14":0,"15":0,"16":0,"17":0,"18":0,"19":0,"20":1,"21":0,"22":0,"23":1,"24":0,"25":1},"f":{"0":0,"1":0,"2":0,"3":0,"4":0,"5":0,"6":0,"7":0,"8":0},"b":{"0":[0,0]},"_coverageSchema":"1a1c01bbd47fc00a2c39e90264f33305004495a9","hash":"364eaa517954cb96a7488ce831772c82330dbf2e"}
,"/home/vuminhkhoi1802/Documents/EPAM/epam-nodejs-gmp-module-6-and-7/app/services/user.service.js": {"path":"/home/vuminhkhoi1802/Documents/EPAM/epam-nodejs-gmp-module-6-and-7/app/services/user.service.js","statementMap":{"0":{"start":{"line":1,"column":17},"end":{"line":1,"column":57}},"1":{"start":{"line":3,"column":20},"end":{"line":8,"column":1}},"2":{"start":{"line":4,"column":15},"end":{"line":4,"column":38}},"3":{"start":{"line":5,"column":1},"end":{"line":7,"column":3}},"4":{"start":{"line":10,"column":19},"end":{"line":12,"column":1}},"5":{"start":{"line":11,"column":1},"end":{"line":11,"column":36}},"6":{"start":{"line":14,"column":22},"end":{"line":16,"column":1}},"7":{"start":{"line":15,"column":1},"end":{"line":15,"column":41}},"8":{"start":{"line":18,"column":0},"end":{"line":22,"column":2}}},"fnMap":{"0":{"name":"(anonymous_0)","decl":{"start":{"line":3,"column":20},"end":{"line":3,"column":21}},"loc":{"start":{"line":3,"column":32},"end":{"line":8,"column":1}},"line":3},"1":{"name":"(anonymous_1)","decl":{"start":{"line":10,"column":19},"end":{"line":10,"column":20}},"loc":{"start":{"line":10,"column":38},"end":{"line":12,"column":1}},"line":10},"2":{"name":"(anonymous_2)","decl":{"start":{"line":14,"column":22},"end":{"line":14,"column":23}},"loc":{"start":{"line":14,"column":42},"end":{"line":16,"column":1}},"line":14}},"branchMap":{},"s":{"0":1,"1":1,"2":0,"3":0,"4":1,"5":0,"6":1,"7":0,"8":1},"f":{"0":0,"1":0,"2":0},"b":{},"_coverageSchema":"1a1c01bbd47fc00a2c39e90264f33305004495a9","hash":"0a4aee1c26b9e015d4573409c15fd6e31cb35f05"}
}
